Info: Starting: Create block symbol file (.bsf)
Info: qsys-generate C:\Users\wangy\OneDrive\Desktop\ECE496\FPGA\qsys\TX.qsys --block-symbol-file --output-directory=C:\Users\wangy\OneDrive\Desktop\ECE496\FPGA\qsys\TX --family="Cyclone V" --part=5CSEMA5F31C6
Progress: Loading qsys/TX.qsys
Progress: Reading input file
Progress: Adding clk_0 [clock_source 22.1]
Progress: Parameterizing module clk_0
Progress: Adding onchip_memory2_0 [altera_avalon_onchip_memory2 22.1]
Progress: Parameterizing module onchip_memory2_0
Progress: Building connections
Progress: Parameterizing connections
Progress: Validating
Progress: Done reading input file
Info: qsys-generate succeeded.
Info: Finished: Create block symbol file (.bsf)
Info: 
Info: Starting: Create HDL design files for synthesis
Info: qsys-generate C:\Users\wangy\OneDrive\Desktop\ECE496\FPGA\qsys\TX.qsys --synthesis=VERILOG --output-directory=C:\Users\wangy\OneDrive\Desktop\ECE496\FPGA\qsys\TX\synthesis --family="Cyclone V" --part=5CSEMA5F31C6
Progress: Loading qsys/TX.qsys
Progress: Reading input file
Progress: Adding clk_0 [clock_source 22.1]
Progress: Parameterizing module clk_0
Progress: Adding onchip_memory2_0 [altera_avalon_onchip_memory2 22.1]
Progress: Parameterizing module onchip_memory2_0
Progress: Building connections
Progress: Parameterizing connections
Progress: Validating
Progress: Done reading input file
Info: TX: Generating TX "TX" for QUARTUS_SYNTH
Info: onchip_memory2_0: Starting RTL generation for module 'TX_onchip_memory2_0'
Info: onchip_memory2_0:   Generation command is [exec C:/intelfpga_lite/22.1std/quartus/bin64/perl/bin/perl.exe -I C:/intelfpga_lite/22.1std/quartus/bin64/perl/lib -I C:/intelfpga_lite/22.1std/quartus/sopc_builder/bin/europa -I C:/intelfpga_lite/22.1std/quartus/sopc_builder/bin -I C:/intelfpga_lite/22.1std/quartus/../ip/altera/sopc_builder_ip/common -I C:/intelfpga_lite/22.1std/quartus/../ip/altera/sopc_builder_ip/altera_avalon_onchip_memory2 -- C:/intelfpga_lite/22.1std/quartus/../ip/altera/sopc_builder_ip/altera_avalon_onchip_memory2/generate_rtl.pl --name=TX_onchip_memory2_0 --dir=C:/Users/wangy/AppData/Local/Temp/alt9643_4638088698882317240.dir/0004_onchip_memory2_0_gen/ --quartus_dir=C:/intelfpga_lite/22.1std/quartus --verilog --config=C:/Users/wangy/AppData/Local/Temp/alt9643_4638088698882317240.dir/0004_onchip_memory2_0_gen//TX_onchip_memory2_0_component_configuration.pl  --do_build_sim=0  ]
Info: onchip_memory2_0: Done RTL generation for module 'TX_onchip_memory2_0'
Info: onchip_memory2_0: "TX" instantiated altera_avalon_onchip_memory2 "onchip_memory2_0"
Info: rst_controller: "TX" instantiated altera_reset_controller "rst_controller"
Info: TX: Done "TX" with 3 modules, 6 files
Info: qsys-generate succeeded.
Info: Finished: Create HDL design files for synthesis
